2018-04-18 17:52:30.647 [main] INFO  com.example.DemoApplicationTests -Starting DemoApplicationTests on PC-20171227MMCR with PID 6732 (started by Administrator in E:\workspace\jlhc_oa)
2018-04-18 17:52:30.667 [main] INFO  com.example.DemoApplicationTests -The following profiles are active: dev
2018-04-18 17:52:30.728 [main] INFO  o.s.w.c.s.GenericWebApplicationContext -Refreshing org.springframework.web.context.support.GenericWebApplicationContext@64ec96c6: startup date [Wed Apr 18 17:52:30 CST 2018]; root of context hierarchy
2018-04-18 17:52:32.602 [main] INFO  o.s.d.r.c.RepositoryConfigurationDelegate -Multiple Spring Data modules found, entering strict repository configuration mode!
2018-04-18 17:52:33.254 [main] INFO  o.s.c.s.PostProcessorRegistrationDelegate$BeanPostProcessorChecker -Bean 'shiroConfiguration' of type [com.jlhc.common.conf.ShiroConfiguration$$EnhancerBySpringCGLIB$$7328f14a] is not eligible for getting processed by all BeanPostProcessors (for example: not eligible for auto-proxying)
2018-04-18 17:52:33.311 [main] INFO  o.s.c.s.PostProcessorRegistrationDelegate$BeanPostProcessorChecker -Bean 'credentialsMatcher' of type [com.jlhc.web.shiro.CredentialsMatcher] is not eligible for getting processed by all BeanPostProcessors (for example: not eligible for auto-proxying)
2018-04-18 17:52:33.313 [main] INFO  com.jlhc.ApplicationJlhc -ehCacheManager()
2018-04-18 17:52:33.636 [main] INFO  o.s.c.s.PostProcessorRegistrationDelegate$BeanPostProcessorChecker -Bean 'ehCacheManager' of type [org.apache.shiro.cache.ehcache.EhCacheManager] is not eligible for getting processed by all BeanPostProcessors (for example: not eligible for auto-proxying)
2018-04-18 17:52:33.647 [main] INFO  o.a.s.cache.ehcache.EhCacheManager -Cache with name 'com.jlhc.web.shiro.AuthRealm.authorizationCache' does not yet exist.  Creating now.
2018-04-18 17:52:33.679 [main] INFO  o.a.s.cache.ehcache.EhCacheManager -Added EhCache named [com.jlhc.web.shiro.AuthRealm.authorizationCache]
2018-04-18 17:52:33.705 [main] INFO  o.s.c.s.PostProcessorRegistrationDelegate$BeanPostProcessorChecker -Bean 'applicationJlhc' of type [com.jlhc.ApplicationJlhc$$EnhancerBySpringCGLIB$$bf829f83] is not eligible for getting processed by all BeanPostProcessors (for example: not eligible for auto-proxying)
2018-04-18 17:52:33.770 [main] INFO  com.zaxxer.hikari.HikariDataSource -HikariPool-1 - Started.
2018-04-18 17:52:34.113 [main] INFO  o.s.c.s.PostProcessorRegistrationDelegate$BeanPostProcessorChecker -Bean 'dataSource' of type [com.zaxxer.hikari.HikariDataSource] is not eligible for getting processed by all BeanPostProcessors (for example: not eligible for auto-proxying)
2018-04-18 17:52:34.957 [main] INFO  o.s.c.s.PostProcessorRegistrationDelegate$BeanPostProcessorChecker -Bean 'sqlSessionFactoryBean' of type [org.apache.ibatis.session.defaults.DefaultSqlSessionFactory] is not eligible for getting processed by all BeanPostProcessors (for example: not eligible for auto-proxying)
2018-04-18 17:52:35.198 [main] INFO  o.s.c.s.PostProcessorRegistrationDelegate$BeanPostProcessorChecker -Bean 'mybatis-org.mybatis.spring.boot.autoconfigure.MybatisProperties' of type [org.mybatis.spring.boot.autoconfigure.MybatisProperties] is not eligible for getting processed by all BeanPostProcessors (for example: not eligible for auto-proxying)
2018-04-18 17:52:35.212 [main] INFO  o.s.c.s.PostProcessorRegistrationDelegate$BeanPostProcessorChecker -Bean 'org.mybatis.spring.boot.autoconfigure.MybatisAutoConfiguration' of type [org.mybatis.spring.boot.autoconfigure.MybatisAutoConfiguration$$EnhancerBySpringCGLIB$$affb2a05] is not eligible for getting processed by all BeanPostProcessors (for example: not eligible for auto-proxying)
2018-04-18 17:52:35.249 [main] INFO  o.s.c.s.PostProcessorRegistrationDelegate$BeanPostProcessorChecker -Bean 'sqlSessionTemplate' of type [org.mybatis.spring.SqlSessionTemplate] is not eligible for getting processed by all BeanPostProcessors (for example: not eligible for auto-proxying)
2018-04-18 17:52:35.250 [main] INFO  o.s.c.s.PostProcessorRegistrationDelegate$BeanPostProcessorChecker -Bean 'userMapper' of type [org.mybatis.spring.mapper.MapperFactoryBean] is not eligible for getting processed by all BeanPostProcessors (for example: not eligible for auto-proxying)
2018-04-18 17:52:35.253 [main] INFO  o.s.c.s.PostProcessorRegistrationDelegate$BeanPostProcessorChecker -Bean 'userMapper' of type [com.sun.proxy.$Proxy90] is not eligible for getting processed by all BeanPostProcessors (for example: not eligible for auto-proxying)
2018-04-18 17:52:35.257 [main] INFO  o.s.c.s.PostProcessorRegistrationDelegate$BeanPostProcessorChecker -Bean 'roleMapper' of type [org.mybatis.spring.mapper.MapperFactoryBean] is not eligible for getting processed by all BeanPostProcessors (for example: not eligible for auto-proxying)
2018-04-18 17:52:35.260 [main] INFO  o.s.c.s.PostProcessorRegistrationDelegate$BeanPostProcessorChecker -Bean 'roleMapper' of type [com.sun.proxy.$Proxy91] is not eligible for getting processed by all BeanPostProcessors (for example: not eligible for auto-proxying)
2018-04-18 17:52:35.264 [main] INFO  o.s.c.s.PostProcessorRegistrationDelegate$BeanPostProcessorChecker -Bean 'organizationMapper' of type [org.mybatis.spring.mapper.MapperFactoryBean] is not eligible for getting processed by all BeanPostProcessors (for example: not eligible for auto-proxying)
2018-04-18 17:52:35.266 [main] INFO  o.s.c.s.PostProcessorRegistrationDelegate$BeanPostProcessorChecker -Bean 'organizationMapper' of type [com.sun.proxy.$Proxy92] is not eligible for getting processed by all BeanPostProcessors (for example: not eligible for auto-proxying)
2018-04-18 17:52:35.271 [main] INFO  o.s.c.s.PostProcessorRegistrationDelegate$BeanPostProcessorChecker -Bean 'userOrganizationRelationMapper' of type [org.mybatis.spring.mapper.MapperFactoryBean] is not eligible for getting processed by all BeanPostProcessors (for example: not eligible for auto-proxying)
2018-04-18 17:52:35.274 [main] INFO  o.s.c.s.PostProcessorRegistrationDelegate$BeanPostProcessorChecker -Bean 'userOrganizationRelationMapper' of type [com.sun.proxy.$Proxy93] is not eligible for getting processed by all BeanPostProcessors (for example: not eligible for auto-proxying)
2018-04-18 17:52:35.279 [main] INFO  o.s.c.s.PostProcessorRegistrationDelegate$BeanPostProcessorChecker -Bean 'roleUserRelationMapper' of type [org.mybatis.spring.mapper.MapperFactoryBean] is not eligible for getting processed by all BeanPostProcessors (for example: not eligible for auto-proxying)
2018-04-18 17:52:35.281 [main] INFO  o.s.c.s.PostProcessorRegistrationDelegate$BeanPostProcessorChecker -Bean 'roleUserRelationMapper' of type [com.sun.proxy.$Proxy94] is not eligible for getting processed by all BeanPostProcessors (for example: not eligible for auto-proxying)
2018-04-18 17:52:35.294 [main] INFO  o.s.c.s.PostProcessorRegistrationDelegate$BeanPostProcessorChecker -Bean 'funcRoleRelationMapper' of type [org.mybatis.spring.mapper.MapperFactoryBean] is not eligible for getting processed by all BeanPostProcessors (for example: not eligible for auto-proxying)
2018-04-18 17:52:35.296 [main] INFO  o.s.c.s.PostProcessorRegistrationDelegate$BeanPostProcessorChecker -Bean 'funcRoleRelationMapper' of type [com.sun.proxy.$Proxy95] is not eligible for getting processed by all BeanPostProcessors (for example: not eligible for auto-proxying)
2018-04-18 17:52:35.301 [main] INFO  o.s.c.s.PostProcessorRegistrationDelegate$BeanPostProcessorChecker -Bean 'funcRightRelationMapper' of type [org.mybatis.spring.mapper.MapperFactoryBean] is not eligible for getting processed by all BeanPostProcessors (for example: not eligible for auto-proxying)
2018-04-18 17:52:35.303 [main] INFO  o.s.c.s.PostProcessorRegistrationDelegate$BeanPostProcessorChecker -Bean 'funcRightRelationMapper' of type [com.sun.proxy.$Proxy96] is not eligible for getting processed by all BeanPostProcessors (for example: not eligible for auto-proxying)
2018-04-18 17:52:35.308 [main] INFO  o.s.c.s.PostProcessorRegistrationDelegate$BeanPostProcessorChecker -Bean 'rightMapper' of type [org.mybatis.spring.mapper.MapperFactoryBean] is not eligible for getting processed by all BeanPostProcessors (for example: not eligible for auto-proxying)
2018-04-18 17:52:35.310 [main] INFO  o.s.c.s.PostProcessorRegistrationDelegate$BeanPostProcessorChecker -Bean 'rightMapper' of type [com.sun.proxy.$Proxy97] is not eligible for getting processed by all BeanPostProcessors (for example: not eligible for auto-proxying)
2018-04-18 17:52:35.315 [main] INFO  o.s.c.s.PostProcessorRegistrationDelegate$BeanPostProcessorChecker -Bean 'functionMapper' of type [org.mybatis.spring.mapper.MapperFactoryBean] is not eligible for getting processed by all BeanPostProcessors (for example: not eligible for auto-proxying)
2018-04-18 17:52:35.318 [main] INFO  o.s.c.s.PostProcessorRegistrationDelegate$BeanPostProcessorChecker -Bean 'functionMapper' of type [com.sun.proxy.$Proxy98] is not eligible for getting processed by all BeanPostProcessors (for example: not eligible for auto-proxying)
2018-04-18 17:52:35.318 [main] INFO  o.s.c.s.PostProcessorRegistrationDelegate$BeanPostProcessorChecker -Bean 'rightServieImpl' of type [com.jlhc.oa.service.impl.RightServieImpl] is not eligible for getting processed by all BeanPostProcessors (for example: not eligible for auto-proxying)
2018-04-18 17:52:35.331 [main] INFO  o.s.c.s.PostProcessorRegistrationDelegate$BeanPostProcessorChecker -Bean 'roleGroupMapper' of type [org.mybatis.spring.mapper.MapperFactoryBean] is not eligible for getting processed by all BeanPostProcessors (for example: not eligible for auto-proxying)
2018-04-18 17:52:35.333 [main] INFO  o.s.c.s.PostProcessorRegistrationDelegate$BeanPostProcessorChecker -Bean 'roleGroupMapper' of type [com.sun.proxy.$Proxy99] is not eligible for getting processed by all BeanPostProcessors (for example: not eligible for auto-proxying)
2018-04-18 17:52:35.341 [main] INFO  o.s.c.s.PostProcessorRegistrationDelegate$BeanPostProcessorChecker -Bean 'roleGroupServiceImpl' of type [com.jlhc.oa.service.impl.RoleGroupServiceImpl] is not eligible for getting processed by all BeanPostProcessors (for example: not eligible for auto-proxying)
2018-04-18 17:52:35.343 [main] INFO  o.s.c.s.PostProcessorRegistrationDelegate$BeanPostProcessorChecker -Bean 'organizationServiceImpl' of type [com.jlhc.oa.service.impl.OrganizationServiceImpl] is not eligible for getting processed by all BeanPostProcessors (for example: not eligible for auto-proxying)
2018-04-18 17:52:35.343 [main] INFO  o.s.c.s.PostProcessorRegistrationDelegate$BeanPostProcessorChecker -Bean 'userServiceImpl' of type [com.jlhc.oa.service.impl.UserServiceImpl] is not eligible for getting processed by all BeanPostProcessors (for example: not eligible for auto-proxying)
2018-04-18 17:52:35.345 [main] INFO  o.s.c.s.PostProcessorRegistrationDelegate$BeanPostProcessorChecker -Bean 'authRealm' of type [com.jlhc.web.shiro.AuthRealm] is not eligible for getting processed by all BeanPostProcessors (for example: not eligible for auto-proxying)
2018-04-18 17:52:35.385 [main] INFO  o.s.c.s.PostProcessorRegistrationDelegate$BeanPostProcessorChecker -Bean 'securityManager' of type [org.apache.shiro.web.mgt.DefaultWebSecurityManager] is not eligible for getting processed by all BeanPostProcessors (for example: not eligible for auto-proxying)
2018-04-18 17:52:35.483 [main] INFO  o.s.c.s.PostProcessorRegistrationDelegate$BeanPostProcessorChecker -Bean 'authorizationAttributeSourceAdvisor' of type [org.apache.shiro.spring.security.interceptor.AuthorizationAttributeSourceAdvisor] is not eligible for getting processed by all BeanPostProcessors (for example: not eligible for auto-proxying)
2018-04-18 17:52:35.561 [main] INFO  o.s.c.s.PostProcessorRegistrationDelegate$BeanPostProcessorChecker -Bean 'org.springframework.transaction.annotation.ProxyTransactionManagementConfiguration' of type [org.springframework.transaction.annotation.ProxyTransactionManagementConfiguration$$EnhancerBySpringCGLIB$$7d26d8d5] is not eligible for getting processed by all BeanPostProcessors (for example: not eligible for auto-proxying)
2018-04-18 17:52:37.728 [main] INFO  o.s.w.s.m.m.a.RequestMappingHandlerMapping -Mapped "{[/company/postCompany],methods=[POST]}" onto public com.jlhc.common.dto.Msg com.jlhc.web.controller.CompanyController.postCompany(com.jlhc.base_com.dto.Company,org.springframework.validation.BindingResult)
2018-04-18 17:52:37.730 [main] INFO  o.s.w.s.m.m.a.RequestMappingHandlerMapping -Mapped "{[/company/putCompany],methods=[PUT]}" onto public com.jlhc.common.dto.Msg com.jlhc.web.controller.CompanyController.putCompany(com.jlhc.base_com.dto.CompanyForPut,org.springframework.validation.BindingResult)
2018-04-18 17:52:37.731 [main] INFO  o.s.w.s.m.m.a.RequestMappingHandlerMapping -Mapped "{[/company/deleteCompany/{comId}],methods=[DELETE]}" onto public com.jlhc.common.dto.Msg com.jlhc.web.controller.CompanyController.deleteCompany(java.lang.String)
2018-04-18 17:52:37.732 [main] INFO  o.s.w.s.m.m.a.RequestMappingHandlerMapping -Mapped "{[/company/testCreateSolrCompany],methods=[POST]}" onto public com.jlhc.common.dto.Msg com.jlhc.web.controller.CompanyController.testCreateSolrCompany(com.jlhc.base_com.dto.Company,org.springframework.validation.BindingResult)
2018-04-18 17:52:37.733 [main] INFO  o.s.w.s.m.m.a.RequestMappingHandlerMapping -Mapped "{[/company/testQuerySolrCompanyByName/{name}],methods=[GET]}" onto public com.jlhc.common.dto.Msg com.jlhc.web.controller.CompanyController.testQuerySolrCompanyByName(java.lang.String)
2018-04-18 17:52:37.733 [main] INFO  o.s.w.s.m.m.a.RequestMappingHandlerMapping -Mapped "{[/company/testDeleteSolrCompanyById/{comId}],methods=[DELETE]}" onto public com.jlhc.common.dto.Msg com.jlhc.web.controller.CompanyController.testDeleteSolrCompanyById(java.lang.String)
2018-04-18 17:52:37.734 [main] INFO  o.s.w.s.m.m.a.RequestMappingHandlerMapping -Mapped "{[/company/getCompanysByFuzzySearchAll],methods=[GET]}" onto public com.jlhc.common.dto.Msg com.jlhc.web.controller.CompanyController.getCompanysByFuzzySearchAll(java.lang.String)
2018-04-18 17:52:37.735 [main] INFO  o.s.w.s.m.m.a.RequestMappingHandlerMapping -Mapped "{[/company/getCompanyByComId/{comId}],methods=[GET]}" onto public com.jlhc.common.dto.Msg com.jlhc.web.controller.CompanyController.getCompanyByComId(java.lang.String)
2018-04-18 17:52:37.735 [main] INFO  o.s.w.s.m.m.a.RequestMappingHandlerMapping -Mapped "{[/company/getAllCompanyFromSolr],methods=[GET]}" onto public com.jlhc.common.dto.Msg com.jlhc.web.controller.CompanyController.getAllCompanyFromSolr()
2018-04-18 17:52:37.737 [main] INFO  o.s.w.s.m.m.a.RequestMappingHandlerMapping -Mapped "{[/customer/postCustomer],methods=[POST]}" onto public com.jlhc.common.dto.Msg com.jlhc.web.controller.CustomerController.postCustomer(com.jlhc.base_com.dto.CustomerNotValidId,org.springframework.validation.BindingResult)
2018-04-18 17:52:37.738 [main] INFO  o.s.w.s.m.m.a.RequestMappingHandlerMapping -Mapped "{[/customer/putCustomer],methods=[PUT]}" onto public com.jlhc.common.dto.Msg com.jlhc.web.controller.CustomerController.putCustomer(com.jlhc.base_com.dto.Customer,org.springframework.validation.BindingResult)
2018-04-18 17:52:37.739 [main] INFO  o.s.w.s.m.m.a.RequestMappingHandlerMapping -Mapped "{[/customer/deleteCustomer/{cusId}],methods=[DELETE]}" onto public com.jlhc.common.dto.Msg com.jlhc.web.controller.CustomerController.deleteCustomer(java.lang.String)
2018-04-18 17:52:37.739 [main] INFO  o.s.w.s.m.m.a.RequestMappingHandlerMapping -Mapped "{[/customer/getCustomersByIdCard/{cusIdCard}],methods=[GET]}" onto public com.jlhc.common.dto.Msg com.jlhc.web.controller.CustomerController.getCustomersByIdCard(java.lang.String)
2018-04-18 17:52:37.739 [main] INFO  o.s.w.s.m.m.a.RequestMappingHandlerMapping -Mapped "{[/customer/getCustomersByCompanyId/{comId}],methods=[GET]}" onto public com.jlhc.common.dto.Msg com.jlhc.web.controller.CustomerController.getCustomersByCompanyId(java.lang.String)
2018-04-18 17:52:37.740 [main] INFO  o.s.w.s.m.m.a.RequestMappingHandlerMapping -Mapped "{[/customer/getRepresentativeOfCom/{comId}],methods=[GET]}" onto public com.jlhc.common.dto.Msg com.jlhc.web.controller.CustomerController.getRepresentativeOfCom(java.lang.String)
2018-04-18 17:52:37.740 [main] INFO  o.s.w.s.m.m.a.RequestMappingHandlerMapping -Mapped "{[/customer/getCustomersByName],methods=[GET]}" onto public com.jlhc.common.dto.Msg com.jlhc.web.controller.CustomerController.getCustomersByName(java.lang.String)
2018-04-18 17:52:37.742 [main] INFO  o.s.w.s.m.m.a.RequestMappingHandlerMapping -Mapped "{[/function/getFunctionsByRoleId/{roleId}],methods=[GET]}" onto public com.jlhc.common.dto.Msg com.jlhc.web.controller.FunctionController.getFunctionsByRoleId(java.lang.Integer)
2018-04-18 17:52:37.743 [main] INFO  o.s.w.s.m.m.a.RequestMappingHandlerMapping -Mapped "{[/function/putFunctionOfRole],methods=[PUT]}" onto public com.jlhc.common.dto.Msg com.jlhc.web.controller.FunctionController.putFunctionOfRole(com.jlhc.oa.dto.role.RoleIdAndFuncIds,org.springframework.validation.BindingResult)
2018-04-18 17:52:37.743 [main] INFO  o.s.w.s.m.m.a.RequestMappingHandlerMapping -Mapped "{[/function/deleteAllFuncRoleOfModule],methods=[DELETE]}" onto public com.jlhc.common.dto.Msg com.jlhc.web.controller.FunctionController.deleteAllFuncRoleOfModule(com.jlhc.oa.dto.role.RoleIdAndModuleId,org.springframework.validation.BindingResult)
2018-04-18 17:52:37.745 [main] INFO  o.s.w.s.m.m.a.RequestMappingHandlerMapping -Mapped "{[/function/postFunctionsOfRole],methods=[POST]}" onto public com.jlhc.common.dto.Msg com.jlhc.web.controller.FunctionController.postFunctionsOfRole(com.jlhc.oa.dto.function.RoleIdAndFuncIdWithSelected,org.springframework.validation.BindingResult)
2018-04-18 17:52:37.746 [main] INFO  o.s.w.s.m.m.a.RequestMappingHandlerMapping -Mapped "{[/logout],methods=[POST]}" onto public com.jlhc.common.dto.Msg com.jlhc.web.controller.LoginController.logOut(javax.servlet.http.HttpSession)
2018-04-18 17:52:37.746 [main] INFO  o.s.w.s.m.m.a.RequestMappingHandlerMapping -Mapped "{[/login],methods=[POST]}" onto public com.jlhc.common.dto.Msg com.jlhc.web.controller.LoginController.login(com.jlhc.oa.dto.user.UsernameAndPasswdToken,org.springframework.validation.BindingResult)
2018-04-18 17:52:37.750 [main] INFO  o.s.w.s.m.m.a.RequestMappingHandlerMapping -Mapped "{[/organization/deleteOrgById/{orgId}],methods=[DELETE]}" onto public com.jlhc.common.dto.Msg com.jlhc.web.controller.OrganizationController.deleteOrgById(java.lang.Integer)
2018-04-18 17:52:37.750 [main] INFO  o.s.w.s.m.m.a.RequestMappingHandlerMapping -Mapped "{[/organization/getBaseOrgInfo/{orgId}],methods=[GET]}" onto public com.jlhc.common.dto.Msg com.jlhc.web.controller.OrganizationController.getBaseOrgInfo(java.lang.Integer)
2018-04-18 17:52:37.750 [main] INFO  o.s.w.s.m.m.a.RequestMappingHandlerMapping -Mapped "{[/organization/addOrganization],methods=[POST]}" onto public com.jlhc.common.dto.Msg com.jlhc.web.controller.OrganizationController.addOrganization(com.jlhc.oa.dto.user.Organization,org.springframework.validation.BindingResult)
2018-04-18 17:52:37.751 [main] INFO  o.s.w.s.m.m.a.RequestMappingHandlerMapping -Mapped "{[/organization/postCompanyOrg],methods=[POST]}" onto public com.jlhc.common.dto.Msg com.jlhc.web.controller.OrganizationController.postCompanyOrg(java.lang.String)
2018-04-18 17:52:37.751 [main] INFO  o.s.w.s.m.m.a.RequestMappingHandlerMapping -Mapped "{[/organization/findOrganizationsByParent/{orgParentId}],methods=[GET]}" onto public com.jlhc.common.dto.Msg com.jlhc.web.controller.OrganizationController.findOrganizationsByParent(java.lang.Integer)
2018-04-18 17:52:37.751 [main] INFO  o.s.w.s.m.m.a.RequestMappingHandlerMapping -Mapped "{[/organization/updateParentOrNameOfOrganization],methods=[PUT]}" onto public com.jlhc.common.dto.Msg com.jlhc.web.controller.OrganizationController.updateParentOrNameOfOrganization(com.jlhc.oa.dto.user.Organization,org.springframework.validation.BindingResult)
2018-04-18 17:52:37.752 [main] INFO  o.s.w.s.m.m.a.RequestMappingHandlerMapping -Mapped "{[/organization/getAllOrganizationIdsByParent/{orgId}],methods=[GET]}" onto public com.jlhc.common.dto.Msg com.jlhc.web.controller.OrganizationController.getAllChildrenOrgIdByOrgId(java.lang.Integer)
2018-04-18 17:52:37.752 [main] INFO  o.s.w.s.m.m.a.RequestMappingHandlerMapping -Mapped "{[/organization/getParentOrgByOrgId/{orgId}],methods=[GET]}" onto public com.jlhc.common.dto.Msg com.jlhc.web.controller.OrganizationController.getParentOrgByOrgId(java.lang.Integer)
2018-04-18 17:52:37.753 [main] INFO  o.s.w.s.m.m.a.RequestMappingHandlerMapping -Mapped "{[/organization/getCompanyOrgsWithPageInfo],methods=[POST]}" onto public com.jlhc.common.dto.Msg com.jlhc.web.controller.OrganizationController.getCompanyOrgsWithPageInfo(java.lang.String,java.lang.Integer,java.lang.Integer)
2018-04-18 17:52:37.753 [main] INFO  o.s.w.s.m.m.a.RequestMappingHandlerMapping -Mapped "{[/organization/getTheChildrenTreeOfTheOrg],methods=[GET]}" onto public com.jlhc.common.dto.Msg com.jlhc.web.controller.OrganizationController.getTheChildrenTreeOfTheOrg(javax.servlet.http.HttpSession)
2018-04-18 17:52:37.753 [main] INFO  o.s.w.s.m.m.a.RequestMappingHandlerMapping -Mapped "{[/organization/getTheChildrenOfTheOrg],methods=[GET]}" onto public com.jlhc.common.dto.Msg com.jlhc.web.controller.OrganizationController.getTheChildrenOfTheOrg(javax.servlet.http.HttpSession)
2018-04-18 17:52:37.757 [main] INFO  o.s.w.s.m.m.a.RequestMappingHandlerMapping -Mapped "{[/right/postModule],methods=[POST]}" onto public com.jlhc.common.dto.Msg com.jlhc.web.controller.RightController.postModule(com.jlhc.oa.dto.function.Module)
2018-04-18 17:52:37.757 [main] INFO  o.s.w.s.m.m.a.RequestMappingHandlerMapping -Mapped "{[/right/postFunction2Module],methods=[POST]}" onto public com.jlhc.common.dto.Msg com.jlhc.web.controller.RightController.postFunction2Module(com.jlhc.oa.dto.function.Function)
2018-04-18 17:52:37.758 [main] INFO  o.s.w.s.m.m.a.RequestMappingHandlerMapping -Mapped "{[/right/postRight2Function],methods=[POST]}" onto public com.jlhc.common.dto.Msg com.jlhc.web.controller.RightController.postRight2Function(com.jlhc.oa.dto.right.RightAndFuncId,org.springframework.validation.BindingResult)
2018-04-18 17:52:37.758 [main] INFO  o.s.w.s.m.m.a.RequestMappingHandlerMapping -Mapped "{[/right/getRightsBySlurName],methods=[GET]}" onto public com.jlhc.common.dto.Msg com.jlhc.web.controller.RightController.getRightsBySlurName(java.lang.String)
2018-04-18 17:52:37.758 [main] INFO  o.s.w.s.m.m.a.RequestMappingHandlerMapping -Mapped "{[/right/getRightsBySlurRightData],methods=[GET]}" onto public com.jlhc.common.dto.Msg com.jlhc.web.controller.RightController.getRightsBySlurRightData(java.lang.String)
2018-04-18 17:52:37.759 [main] INFO  o.s.w.s.m.m.a.RequestMappingHandlerMapping -Mapped "{[/right/getRightsByFuncId/{funcId}],methods=[GET]}" onto public com.jlhc.common.dto.Msg com.jlhc.web.controller.RightController.getRightsByFuncId(java.lang.Integer)
2018-04-18 17:52:37.759 [main] INFO  o.s.w.s.m.m.a.RequestMappingHandlerMapping -Mapped "{[/right/getFunctionsBySulrFuncName],methods=[GET]}" onto public com.jlhc.common.dto.Msg com.jlhc.web.controller.RightController.getFunctionsBySulrFuncName(java.lang.String)
2018-04-18 17:52:37.759 [main] INFO  o.s.w.s.m.m.a.RequestMappingHandlerMapping -Mapped "{[/right/deleteRightAndFuncRightRelation/{rightId}],methods=[DELETE]}" onto public com.jlhc.common.dto.Msg com.jlhc.web.controller.RightController.deleteRightAndFuncRightRelation(java.lang.Integer)
2018-04-18 17:52:37.760 [main] INFO  o.s.w.s.m.m.a.RequestMappingHandlerMapping -Mapped "{[/right/postFuncRightRelation],methods=[POST]}" onto public com.jlhc.common.dto.Msg com.jlhc.web.controller.RightController.postFuncRightRelation(com.jlhc.oa.dto.function.FuncRightRelation)
2018-04-18 17:52:37.762 [main] INFO  o.s.w.s.m.m.a.RequestMappingHandlerMapping -Mapped "{[/role/getRolesByUserId/{userId}],methods=[GET]}" onto public com.jlhc.common.dto.Msg com.jlhc.web.controller.RoleController.getRolesByUserId(java.lang.Integer)
2018-04-18 17:52:37.762 [main] INFO  o.s.w.s.m.m.a.RequestMappingHandlerMapping -Mapped "{[/role/postRole],methods=[POST]}" onto public com.jlhc.common.dto.Msg com.jlhc.web.controller.RoleController.postRole(com.jlhc.oa.dto.role.Role,org.springframework.validation.BindingResult)
2018-04-18 17:52:37.763 [main] INFO  o.s.w.s.m.m.a.RequestMappingHandlerMapping -Mapped "{[/role/putBaseRole],methods=[PUT]}" onto public com.jlhc.common.dto.Msg com.jlhc.web.controller.RoleController.putBaseRole(com.jlhc.oa.dto.role.Role,org.springframework.validation.BindingResult)
2018-04-18 17:52:37.763 [main] INFO  o.s.w.s.m.m.a.RequestMappingHandlerMapping -Mapped "{[/role/getRolesByGroup/{roleGroupId}],methods=[GET]}" onto public com.jlhc.common.dto.Msg com.jlhc.web.controller.RoleController.getRolesByGroup(java.lang.Integer)
2018-04-18 17:52:37.763 [main] INFO  o.s.w.s.m.m.a.RequestMappingHandlerMapping -Mapped "{[/role/postRolesToUser],methods=[POST]}" onto public com.jlhc.common.dto.Msg com.jlhc.web.controller.RoleController.postRolesToUser(com.jlhc.oa.dto.role.UserIdAndRoleIds,org.springframework.validation.BindingResult)
2018-04-18 17:52:37.764 [main] INFO  o.s.w.s.m.m.a.RequestMappingHandlerMapping -Mapped "{[/role/postUsersToRole],methods=[POST]}" onto public com.jlhc.common.dto.Msg com.jlhc.web.controller.RoleController.postUsersToRole(com.jlhc.oa.dto.role.RoleIdAndUserIds,org.springframework.validation.BindingResult)
2018-04-18 17:52:37.764 [main] INFO  o.s.w.s.m.m.a.RequestMappingHandlerMapping -Mapped "{[/role/deleteRole/{roleId}],methods=[DELETE]}" onto public com.jlhc.common.dto.Msg com.jlhc.web.controller.RoleController.deleteRole(java.lang.Integer)
2018-04-18 17:52:37.764 [main] INFO  o.s.w.s.m.m.a.RequestMappingHandlerMapping -Mapped "{[/role/getRoleInfoById/{roleId}],methods=[GET]}" onto public com.jlhc.common.dto.Msg com.jlhc.web.controller.RoleController.getRoleInfoById(java.lang.Integer)
2018-04-18 17:52:37.764 [main] INFO  o.s.w.s.m.m.a.RequestMappingHandlerMapping -Mapped "{[/role/deleteRoleUserRelationsOfRole],methods=[DELETE]}" onto public com.jlhc.common.dto.Msg com.jlhc.web.controller.RoleController.deleteRoleUserRelationsOfRole(com.jlhc.oa.dto.role.RoleIdAndUserIds,org.springframework.validation.BindingResult)
2018-04-18 17:52:37.765 [main] INFO  o.s.w.s.m.m.a.RequestMappingHandlerMapping -Mapped "{[/role/deleteRoleUserRelationsOfUser],methods=[POST]}" onto public com.jlhc.common.dto.Msg com.jlhc.web.controller.RoleController.deleteRoleUserRelationsOfUser(com.jlhc.oa.dto.role.UserIdAndRoleIds,org.springframework.validation.BindingResult)
2018-04-18 17:52:37.767 [main] INFO  o.s.w.s.m.m.a.RequestMappingHandlerMapping -Mapped "{[/rolegroup/postRoleGroup],methods=[POST]}" onto public com.jlhc.common.dto.Msg com.jlhc.web.controller.RoleGroupController.postRoleGroup(com.jlhc.oa.dto.role.RoleGroupWithoutState,org.springframework.validation.BindingResult)
2018-04-18 17:52:37.767 [main] INFO  o.s.w.s.m.m.a.RequestMappingHandlerMapping -Mapped "{[/rolegroup/getRoleGroups],methods=[GET]}" onto public com.jlhc.common.dto.Msg com.jlhc.web.controller.RoleGroupController.getRoleGroups(javax.servlet.http.HttpSession)
2018-04-18 17:52:37.767 [main] INFO  o.s.w.s.m.m.a.RequestMappingHandlerMapping -Mapped "{[/rolegroup/putRoleGroup],methods=[PUT]}" onto public com.jlhc.common.dto.Msg com.jlhc.web.controller.RoleGroupController.putRoleGroup(com.jlhc.oa.dto.role.RoleGroup)
2018-04-18 17:52:37.767 [main] INFO  o.s.w.s.m.m.a.RequestMappingHandlerMapping -Mapped "{[/rolegroup/deleteRoleGroup/{roleGroupId}],methods=[DELETE]}" onto public com.jlhc.common.dto.Msg com.jlhc.web.controller.RoleGroupController.deleteRoleGroup(java.lang.Integer)
2018-04-18 17:52:37.768 [main] INFO  o.s.w.s.m.m.a.RequestMappingHandlerMapping -Mapped "{[/flow/getFlowsByTaskId/{taskId}],methods=[GET]}" onto public com.jlhc.common.dto.Msg com.jlhc.web.controller.SellFlowController.getFlowsByTaskId(java.lang.String)
2018-04-18 17:52:37.770 [main] INFO  o.s.w.s.m.m.a.RequestMappingHandlerMapping -Mapped "{[/note/getNotesByTaskId/{taskId}],methods=[GET]}" onto public com.jlhc.common.dto.Msg com.jlhc.web.controller.SellNoteController.getNotesByTaskId(java.lang.String)
2018-04-18 17:52:37.771 [main] INFO  o.s.w.s.m.m.a.RequestMappingHandlerMapping -Mapped "{[/note/postNote],methods=[POST]}" onto public com.jlhc.common.dto.Msg com.jlhc.web.controller.SellNoteController.postNote(java.lang.String,java.lang.String,javax.servlet.http.HttpSession)
2018-04-18 17:52:37.771 [main] INFO  o.s.w.s.m.m.a.RequestMappingHandlerMapping -Mapped "{[/note/putNoteOfMine],methods=[PUT]}" onto public com.jlhc.common.dto.Msg com.jlhc.web.controller.SellNoteController.putNoteOfMine(com.jlhc.sell.dto.NoteForPut,javax.servlet.http.HttpSession)
2018-04-18 17:52:37.772 [main] INFO  o.s.w.s.m.m.a.RequestMappingHandlerMapping -Mapped "{[/note/putNoteById],methods=[PUT]}" onto public com.jlhc.common.dto.Msg com.jlhc.web.controller.SellNoteController.putNoteById(com.jlhc.sell.dto.Note)
2018-04-18 17:52:37.772 [main] INFO  o.s.w.s.m.m.a.RequestMappingHandlerMapping -Mapped "{[/note/deleteNote/{noteId}],methods=[DELETE]}" onto public com.jlhc.common.dto.Msg com.jlhc.web.controller.SellNoteController.deleteNote(java.lang.String)
2018-04-18 17:52:37.783 [main] INFO  o.s.w.s.m.m.a.RequestMappingHandlerMapping -Mapped "{[/task/putTask],methods=[PUT]}" onto public com.jlhc.common.dto.Msg com.jlhc.web.controller.SellTaskController.putTask(com.jlhc.sell.dto.TaskForPut,org.springframework.validation.BindingResult,javax.servlet.http.HttpSession)
2018-04-18 17:52:37.783 [main] INFO  o.s.w.s.m.m.a.RequestMappingHandlerMapping -Mapped "{[/task/getTaskById/{taskId}],methods=[GET]}" onto public com.jlhc.common.dto.Msg com.jlhc.web.controller.SellTaskController.getTaskById(java.lang.String)
2018-04-18 17:52:37.784 [main] INFO  o.s.w.s.m.m.a.RequestMappingHandlerMapping -Mapped "{[/task/postTask],methods=[POST]}" onto public com.jlhc.common.dto.Msg com.jlhc.web.controller.SellTaskController.postTask(com.jlhc.sell.dto.TaskForCreate,org.springframework.validation.BindingResult,javax.servlet.http.HttpSession)
2018-04-18 17:52:37.785 [main] INFO  o.s.w.s.m.m.a.RequestMappingHandlerMapping -Mapped "{[/task/deleteTask/{taskId}],methods=[DELETE]}" onto public com.jlhc.common.dto.Msg com.jlhc.web.controller.SellTaskController.deleteTask(java.lang.String,javax.servlet.http.HttpSession)
2018-04-18 17:52:37.785 [main] INFO  o.s.w.s.m.m.a.RequestMappingHandlerMapping -Mapped "{[/task/uploadTasks],methods=[POST]}" onto public com.jlhc.common.dto.Msg com.jlhc.web.controller.SellTaskController.uploadTasks(org.springframework.web.multipart.MultipartFile,org.springframework.web.servlet.mvc.support.RedirectAttributes,javax.servlet.http.HttpSession)
2018-04-18 17:52:37.786 [main] INFO  o.s.w.s.m.m.a.RequestMappingHandlerMapping -Mapped "{[/task/postRelationTaskToUser],methods=[POST]}" onto public com.jlhc.common.dto.Msg com.jlhc.web.controller.SellTaskController.postUserToTask(java.lang.Integer,java.lang.String,javax.servlet.http.HttpSession)
2018-04-18 17:52:37.786 [main] INFO  o.s.w.s.m.m.a.RequestMappingHandlerMapping -Mapped "{[/task/getTasksInTrash],methods=[GET]}" onto public com.jlhc.common.dto.Msg com.jlhc.web.controller.SellTaskController.getTasksInTrash()
2018-04-18 17:52:37.786 [main] INFO  o.s.w.s.m.m.a.RequestMappingHandlerMapping -Mapped "{[/task/getTasksByComId/{comId}],methods=[GET]}" onto public com.jlhc.common.dto.Msg com.jlhc.web.controller.SellTaskController.getTasksByComId(java.lang.String)
2018-04-18 17:52:37.787 [main] INFO  o.s.w.s.m.m.a.RequestMappingHandlerMapping -Mapped "{[/task/getTasksByNameOrMobile],methods=[GET]}" onto public com.jlhc.common.dto.Msg com.jlhc.web.controller.SellTaskController.getTasksByNameOrMobile(java.lang.String)
2018-04-18 17:52:37.787 [main] INFO  o.s.w.s.m.m.a.RequestMappingHandlerMapping -Mapped "{[/task/getTasksByComName],methods=[GET]}" onto public com.jlhc.common.dto.Msg com.jlhc.web.controller.SellTaskController.getTasksByComName(java.lang.String)
2018-04-18 17:52:37.787 [main] INFO  o.s.w.s.m.m.a.RequestMappingHandlerMapping -Mapped "{[/task/getTasksByCreateUserId/{createUserId}],methods=[GET]}" onto public com.jlhc.common.dto.Msg com.jlhc.web.controller.SellTaskController.getTasksByCreateUserId(java.lang.Integer)
2018-04-18 17:52:37.788 [main] INFO  o.s.w.s.m.m.a.RequestMappingHandlerMapping -Mapped "{[/task/getTasksByHoldUserId/{holdUserId}],methods=[GET]}" onto public com.jlhc.common.dto.Msg com.jlhc.web.controller.SellTaskController.getTasksByHoldUserId(java.lang.Integer)
2018-04-18 17:52:37.788 [main] INFO  o.s.w.s.m.m.a.RequestMappingHandlerMapping -Mapped "{[/task/getTasksByFlowUserId/{flowUserId}],methods=[GET]}" onto public com.jlhc.common.dto.Msg com.jlhc.web.controller.SellTaskController.getTasksByFlowUserId(java.lang.Integer)
2018-04-18 17:52:37.788 [main] INFO  o.s.w.s.m.m.a.RequestMappingHandlerMapping -Mapped "{[/task/putTaskToChangeHoldUserId],methods=[PUT]}" onto public com.jlhc.common.dto.Msg com.jlhc.web.controller.SellTaskController.putTaskToChangeHoldUserId(java.util.List<com.jlhc.sell.dto.TaskForUpdateHoldUser>,org.springframework.validation.BindingResult,javax.servlet.http.HttpSession)
2018-04-18 17:52:37.789 [main] INFO  o.s.w.s.m.m.a.RequestMappingHandlerMapping -Mapped "{[/task/deleteTaskUserRelation],methods=[DELETE]}" onto public com.jlhc.common.dto.Msg com.jlhc.web.controller.SellTaskController.deleteTaskUserRelation(java.lang.String,java.lang.Integer,javax.servlet.http.HttpSession)
2018-04-18 17:52:37.789 [main] INFO  o.s.w.s.m.m.a.RequestMappingHandlerMapping -Mapped "{[/task/getTasksInTaskSea],methods=[GET]}" onto public com.jlhc.common.dto.Msg com.jlhc.web.controller.SellTaskController.getTasksInTaskSea()
2018-04-18 17:52:37.790 [main] INFO  o.s.w.s.m.m.a.RequestMappingHandlerMapping -Mapped "{[/task/getTasksUnderTheLeadership],methods=[GET]}" onto public com.jlhc.common.dto.Msg com.jlhc.web.controller.SellTaskController.getTasksUnderTheLeadership(javax.servlet.http.HttpSession)
2018-04-18 17:52:37.790 [main] INFO  o.s.w.s.m.m.a.RequestMappingHandlerMapping -Mapped "{[/task/getTasksByFuzzySearchAll],methods=[GET]}" onto public com.jlhc.common.dto.Msg com.jlhc.web.controller.SellTaskController.getTasksByFuzzySearchAll(java.lang.String)
2018-04-18 17:52:37.791 [main] INFO  o.s.w.s.m.m.a.RequestMappingHandlerMapping -Mapped "{[/task/getTasksByUserIdInTaskUserRelation],methods=[GET]}" onto public com.jlhc.common.dto.Msg com.jlhc.web.controller.SellTaskController.getTasksByUserIdInTaskUserRelation(javax.servlet.http.HttpSession)
2018-04-18 17:52:37.793 [main] INFO  o.s.w.s.m.m.a.RequestMappingHandlerMapping -Mapped "{[/user/getUsersOfOrg],methods=[GET]}" onto public com.jlhc.common.dto.Msg com.jlhc.web.controller.UserController.getUsersOfOrg(javax.servlet.http.HttpSession)
2018-04-18 17:52:37.794 [main] INFO  o.s.w.s.m.m.a.RequestMappingHandlerMapping -Mapped "{[/user/getUsersByRoleId/{roleId}],methods=[GET]}" onto public com.jlhc.common.dto.Msg com.jlhc.web.controller.UserController.getUsersByRoleId(java.lang.Integer)
2018-04-18 17:52:37.795 [main] INFO  o.s.w.s.m.m.a.RequestMappingHandlerMapping -Mapped "{[/user/putUserAndOrg],methods=[PUT]}" onto public com.jlhc.common.dto.Msg com.jlhc.web.controller.UserController.putUserAndOrg(com.jlhc.oa.dto.user.User,org.springframework.validation.BindingResult)
2018-04-18 17:52:37.796 [main] INFO  o.s.w.s.m.m.a.RequestMappingHandlerMapping -Mapped "{[/user/putPasswords],methods=[PUT]}" onto public com.jlhc.common.dto.Msg com.jlhc.web.controller.UserController.putPasswords(com.jlhc.oa.dto.user.ChangePasswdInfo,org.springframework.validation.BindingResult)
2018-04-18 17:52:37.796 [main] INFO  o.s.w.s.m.m.a.RequestMappingHandlerMapping -Mapped "{[/user/postUser],methods=[POST]}" onto public com.jlhc.common.dto.Msg com.jlhc.web.controller.UserController.postUser(com.jlhc.oa.dto.user.User,org.springframework.validation.BindingResult)
2018-04-18 17:52:37.797 [main] INFO  o.s.w.s.m.m.a.RequestMappingHandlerMapping -Mapped "{[/user/postAdminUser],methods=[POST]}" onto public com.jlhc.common.dto.Msg com.jlhc.web.controller.UserController.postAdminUser(com.jlhc.oa.dto.user.AdminUser,org.springframework.validation.BindingResult)
2018-04-18 17:52:37.797 [main] INFO  o.s.w.s.m.m.a.RequestMappingHandlerMapping -Mapped "{[/user/getUserById/{userId}],methods=[GET]}" onto public com.jlhc.common.dto.Msg com.jlhc.web.controller.UserController.findUserById(java.lang.Integer)
2018-04-18 17:52:37.797 [main] INFO  o.s.w.s.m.m.a.RequestMappingHandlerMapping -Mapped "{[/user/deleteUser/{userId}],methods=[DELETE]}" onto public com.jlhc.common.dto.Msg com.jlhc.web.controller.UserController.dimissionUser(java.lang.Integer)
2018-04-18 17:52:37.797 [main] INFO  o.s.w.s.m.m.a.RequestMappingHandlerMapping -Mapped "{[/user/putBaseUser],methods=[PUT]}" onto public com.jlhc.common.dto.Msg com.jlhc.web.controller.UserController.putBaseUser(com.jlhc.oa.dto.user.UserBase,org.springframework.validation.BindingResult)
2018-04-18 17:52:37.798 [main] INFO  o.s.w.s.m.m.a.RequestMappingHandlerMapping -Mapped "{[/user/getUsersByOrgId/{orgId}],methods=[GET]}" onto public com.jlhc.common.dto.Msg com.jlhc.web.controller.UserController.getUsersByOrgId(java.lang.Integer)
2018-04-18 17:52:37.798 [main] INFO  o.s.w.s.m.m.a.RequestMappingHandlerMapping -Mapped "{[/user/putOrgIdOfUser],methods=[PUT]}" onto public com.jlhc.common.dto.Msg com.jlhc.web.controller.UserController.putOrgIdOfUser(java.lang.Integer,java.lang.Integer)
2018-04-18 17:52:37.798 [main] INFO  o.s.w.s.m.m.a.RequestMappingHandlerMapping -Mapped "{[/user/getAllUsersByOrgId/{orgId}],methods=[GET]}" onto public com.jlhc.common.dto.Msg com.jlhc.web.controller.UserController.getAllUsersByOrgId(java.lang.Integer)
2018-04-18 17:52:37.798 [main] INFO  o.s.w.s.m.m.a.RequestMappingHandlerMapping -Mapped "{[/user/getUsersNearUserTrueName],methods=[GET]}" onto public com.jlhc.common.dto.Msg com.jlhc.web.controller.UserController.getUsersNearUserTrueName(java.lang.String)
2018-04-18 17:52:37.799 [main] INFO  o.s.w.s.m.m.a.RequestMappingHandlerMapping -Mapped "{[/user/getTheAdminUserOfOrg/{companyOrgId}],methods=[GET]}" onto public com.jlhc.common.dto.Msg com.jlhc.web.controller.UserController.getTheAdminUserOfOrg(java.lang.Integer)
2018-04-18 17:52:37.799 [main] INFO  o.s.w.s.m.m.a.RequestMappingHandlerMapping -Mapped "{[/user/getUsersByTaskIdInTaskUserRelation/{taskId}],methods=[GET]}" onto public com.jlhc.common.dto.Msg com.jlhc.web.controller.UserController.getUsersByTaskIdInTaskUserRelation(java.lang.String)
2018-04-18 17:52:37.806 [main] INFO  o.s.w.s.m.m.a.RequestMappingHandlerMapping -Mapped "{[/swagger-resources/configuration/security]}" onto public org.springframework.http.ResponseEntity<springfox.documentation.swagger.web.SecurityConfiguration> springfox.documentation.swagger.web.ApiResourceController.securityConfiguration()
2018-04-18 17:52:37.807 [main] INFO  o.s.w.s.m.m.a.RequestMappingHandlerMapping -Mapped "{[/swagger-resources]}" onto public org.springframework.http.ResponseEntity<java.util.List<springfox.documentation.swagger.web.SwaggerResource>> springfox.documentation.swagger.web.ApiResourceController.swaggerResources()
2018-04-18 17:52:37.807 [main] INFO  o.s.w.s.m.m.a.RequestMappingHandlerMapping -Mapped "{[/swagger-resources/configuration/ui]}" onto public org.springframework.http.ResponseEntity<springfox.documentation.swagger.web.UiConfiguration> springfox.documentation.swagger.web.ApiResourceController.uiConfiguration()
2018-04-18 17:52:37.812 [main] INFO  o.s.w.s.m.m.a.RequestMappingHandlerMapping -Mapped "{[/error]}" onto public org.springframework.http.ResponseEntity<java.util.Map<java.lang.String, java.lang.Object>> org.springframework.boot.autoconfigure.web.BasicErrorController.error(javax.servlet.http.HttpServletRequest)
2018-04-18 17:52:37.813 [main] INFO  o.s.w.s.m.m.a.RequestMappingHandlerMapping -Mapped "{[/error],produces=[text/html]}" onto public org.springframework.web.servlet.ModelAndView org.springframework.boot.autoconfigure.web.BasicErrorController.errorHtml(javax.servlet.http.HttpServletRequest,javax.servlet.http.HttpServletResponse)
2018-04-18 17:52:38.175 [main] INFO  s.d.s.w.PropertySourcedRequestMappingHandlerMapping -Mapped URL path [/v2/api-docs] onto method [public org.springframework.http.ResponseEntity<springfox.documentation.spring.web.json.Json> springfox.documentation.swagger2.web.Swagger2Controller.getDocumentation(java.lang.String,javax.servlet.http.HttpServletRequest)]
2018-04-18 17:52:39.101 [main] INFO  o.s.w.s.m.m.a.RequestMappingHandlerAdapter -Looking for @ControllerAdvice: org.springframework.web.context.support.GenericWebApplicationContext@64ec96c6: startup date [Wed Apr 18 17:52:30 CST 2018]; root of context hierarchy
2018-04-18 17:52:39.235 [main] INFO  o.s.w.s.h.SimpleUrlHandlerMapping -Mapped URL path [/webjars/**] onto handler of type [class org.springframework.web.servlet.resource.ResourceHttpRequestHandler]
2018-04-18 17:52:39.235 [main] INFO  o.s.w.s.h.SimpleUrlHandlerMapping -Mapped URL path [/**] onto handler of type [class org.springframework.web.servlet.resource.ResourceHttpRequestHandler]
2018-04-18 17:52:39.392 [main] INFO  o.s.w.s.h.SimpleUrlHandlerMapping -Mapped URL path [/**/favicon.ico] onto handler of type [class org.springframework.web.servlet.resource.ResourceHttpRequestHandler]
2018-04-18 17:52:39.450 [main] INFO  o.s.b.a.w.WebMvcAutoConfiguration$WelcomePageHandlerMapping -Adding welcome page: ServletContext resource [/index.html]
2018-04-18 17:52:40.476 [main] INFO  o.s.c.s.DefaultLifecycleProcessor -Starting beans in phase 2147483647
2018-04-18 17:52:40.478 [main] INFO  s.d.s.w.p.DocumentationPluginsBootstrapper -Context refreshed
2018-04-18 17:52:40.507 [main] INFO  s.d.s.w.p.DocumentationPluginsBootstrapper -Found 1 custom documentation plugin(s)
2018-04-18 17:52:40.567 [main] INFO  s.d.s.w.s.ApiListingReferenceScanner -Scanning for api listing references
2018-04-18 17:52:41.587 [main] DEBUG c.j.o.d.R.selectByPrimaryKey -==>  Preparing: select role_id, role_group_id, role_name, role_createdtime, role_description, role_datarange from jl_role where role_id = ? 
2018-04-18 17:52:41.610 [main] DEBUG c.j.o.d.R.selectByPrimaryKey -==> Parameters: 2(Integer)
2018-04-18 17:52:41.635 [main] DEBUG c.j.o.d.R.selectByPrimaryKey -<==      Total: 1
2018-04-18 17:52:41.649 [main] DEBUG c.j.o.d.F.selectByPrimaryKey -==>  Preparing: select func_id, func_name, func_description, module_id from jl_function where func_id = ? 
2018-04-18 17:52:41.651 [main] DEBUG c.j.o.d.F.selectByPrimaryKey -==> Parameters: 16(Integer)
2018-04-18 17:52:41.654 [main] DEBUG c.j.o.d.F.selectByPrimaryKey -<==      Total: 0
2018-04-18 17:52:41.671 [main] INFO  com.example.DemoApplicationTests -Started DemoApplicationTests in 11.762 seconds (JVM running for 12.856)
2018-04-18 17:52:41.929 [Thread-4] INFO  o.s.w.c.s.GenericWebApplicationContext -Closing org.springframework.web.context.support.GenericWebApplicationContext@64ec96c6: startup date [Wed Apr 18 17:52:30 CST 2018]; root of context hierarchy
2018-04-18 17:52:41.934 [Thread-4] INFO  o.s.c.s.DefaultLifecycleProcessor -Stopping beans in phase 2147483647
2018-04-18 17:52:41.975 [Thread-4] INFO  com.zaxxer.hikari.pool.HikariPool -HikariPool-1 - Close initiated...
2018-04-18 17:52:41.989 [Thread-4] INFO  com.zaxxer.hikari.pool.HikariPool -HikariPool-1 - Closed.
